<?xml version="1.0" encoding="UTF-8"?>
<!-- Generated by org.testng.reporters.JUnitReportReporter -->
<testsuite skipped="0" hostname="DESKTOP-CRVRT3K" name="dataDrivenTestCases.LoginSwag" tests="3" failures="0" timestamp="29 Apr 2022 15:22:55 GMT" time="16.909" errors="0">
  <testcase name="login" time="5.699" classname="dataDrivenTestCases.LoginSwag"/>
  <testcase name="login" time="5.697" classname="dataDrivenTestCases.LoginSwag"/>
  <testcase name="login" time="5.513" classname="dataDrivenTestCases.LoginSwag"/>
</testsuite> <!-- dataDrivenTestCases.LoginSwag -->
