<?xml version="1.0" encoding="UTF-8"?>
<!-- Generated by org.testng.reporters.JUnitReportReporter -->
<testsuite skipped="0" hostname="DESKTOP-CRVRT3K" name="dataDrivenTestCases.LoginSwag" tests="3" failures="0" timestamp="04 May 2022 17:32:48 GMT" time="17.773" errors="0">
  <testcase name="login" time="6.391" classname="dataDrivenTestCases.LoginSwag"/>
  <testcase name="login" time="5.598" classname="dataDrivenTestCases.LoginSwag"/>
  <testcase name="login" time="5.784" classname="dataDrivenTestCases.LoginSwag"/>
</testsuite> <!-- dataDrivenTestCases.LoginSwag -->
