<?xml version="1.0" encoding="UTF-8"?>
<!-- Generated by org.testng.reporters.JUnitReportReporter -->
<testsuite skipped="0" hostname="DESKTOP-CRVRT3K" name="testCases.TC02_Resources" tests="1" failures="0" timestamp="04 May 2022 13:55:30 GMT" time="5.079" errors="0">
  <testcase name="resources" time="5.079" classname="testCases.TC02_Resources"/>
</testsuite> <!-- testCases.TC02_Resources -->
