<?xml version="1.0" encoding="UTF-8"?>
<!-- Generated by org.testng.reporters.JUnitReportReporter -->
<testsuite skipped="0" hostname="DESKTOP-CRVRT3K" name="dataDrivenTestCases.LoginSwag" tests="3" failures="0" timestamp="04 May 2022 17:29:44 GMT" time="16.709" errors="0">
  <testcase name="login" time="5.517" classname="dataDrivenTestCases.LoginSwag"/>
  <testcase name="login" time="5.724" classname="dataDrivenTestCases.LoginSwag"/>
  <testcase name="login" time="5.468" classname="dataDrivenTestCases.LoginSwag"/>
</testsuite> <!-- dataDrivenTestCases.LoginSwag -->
