<?xml version="1.0" encoding="UTF-8"?>
<!-- Generated by org.testng.reporters.JUnitReportReporter -->
<testsuite skipped="0" hostname="DESKTOP-CRVRT3K" name="testCases.TC03_addToCart" tests="1" failures="0" timestamp="04 May 2022 13:55:30 GMT" time="1.405" errors="0">
  <testcase name="addToCart" time="1.405" classname="testCases.TC03_addToCart"/>
</testsuite> <!-- testCases.TC03_addToCart -->
