<?xml version="1.0" encoding="UTF-8"?>
<!-- Generated by org.testng.reporters.JUnitReportReporter -->
<testsuite skipped="0" hostname="DESKTOP-CRVRT3K" name="testCases.TC01_AccountLogin" tests="1" failures="0" timestamp="12 May 2022 13:28:04 GMT" time="25.636" errors="0">
  <testcase name="accountLogin" time="25.636" classname="testCases.TC01_AccountLogin"/>
</testsuite> <!-- testCases.TC01_AccountLogin -->
