<?xml version="1.0" encoding="UTF-8"?>
<!-- Generated by org.testng.reporters.JUnitReportReporter -->
<testsuite skipped="0" hostname="DESKTOP-CRVRT3K" name="testCases.TC03_addToCart" tests="1" failures="0" timestamp="29 Apr 2022 16:18:54 GMT" time="1.361" errors="0">
  <testcase name="addToCart" time="1.361" classname="testCases.TC03_addToCart"/>
</testsuite> <!-- testCases.TC03_addToCart -->
