<?xml version="1.0" encoding="UTF-8"?>
<!-- Generated by org.testng.reporters.JUnitReportReporter -->
<testsuite skipped="0" hostname="DESKTOP-CRVRT3K" name="testCases.TC02_Resources" tests="1" failures="0" timestamp="29 Apr 2022 16:18:54 GMT" time="5.449" errors="0">
  <testcase name="resources" time="5.449" classname="testCases.TC02_Resources"/>
</testsuite> <!-- testCases.TC02_Resources -->
