<?xml version="1.0" encoding="UTF-8"?>
<!-- Generated by org.testng.reporters.JUnitReportReporter -->
<testsuite skipped="0" hostname="DESKTOP-CRVRT3K" name="testCases.TC01_AccountLogin" tests="1" failures="0" timestamp="04 May 2022 13:55:30 GMT" time="24.381" errors="0">
  <testcase name="accountLogin" time="24.381" classname="testCases.TC01_AccountLogin"/>
</testsuite> <!-- testCases.TC01_AccountLogin -->
