<?xml version="1.0" encoding="UTF-8"?>
<!-- Generated by org.testng.reporters.JUnitReportReporter -->
<testsuite skipped="0" hostname="DESKTOP-CRVRT3K" name="rough.TC01_AccountLogin" tests="1" failures="0" timestamp="27 Apr 2022 15:59:40 GMT" time="25.537" errors="0">
  <testcase name="signUp" time="25.537" classname="rough.TC01_AccountLogin"/>
</testsuite> <!-- rough.TC01_AccountLogin -->
