<?xml version="1.0" encoding="UTF-8"?>
<!-- Generated by org.testng.reporters.JUnitReportReporter -->
<testsuite skipped="0" hostname="DESKTOP-CRVRT3K" name="testCases.TC04_logOut" tests="1" failures="0" timestamp="29 Apr 2022 16:18:54 GMT" time="4.773" errors="0">
  <testcase name="logOut" time="4.773" classname="testCases.TC04_logOut"/>
</testsuite> <!-- testCases.TC04_logOut -->
