<?xml version="1.0" encoding="UTF-8"?>
<!-- Generated by org.testng.reporters.JUnitReportReporter -->
<testsuite skipped="0" hostname="DESKTOP-CRVRT3K" name="testCases.TC001_initialSignIn" tests="1" failures="0" timestamp="28 Apr 2022 17:44:03 GMT" time="4.079" errors="0">
  <testcase name="initialSignIn" time="4.079" classname="testCases.TC001_initialSignIn"/>
</testsuite> <!-- testCases.TC001_initialSignIn -->
