<?xml version="1.0" encoding="UTF-8"?>
<!-- Generated by org.testng.reporters.JUnitReportReporter -->
<testsuite skipped="0" hostname="DESKTOP-CRVRT3K" name="testCases.TC001_initialSignIn" tests="1" failures="0" timestamp="04 May 2022 14:00:13 GMT" time="4.211" errors="0">
  <testcase name="initialSignIn" time="4.211" classname="testCases.TC001_initialSignIn"/>
</testsuite> <!-- testCases.TC001_initialSignIn -->
