<?xml version="1.0" encoding="UTF-8"?>
<!-- Generated by org.testng.reporters.JUnitReportReporter -->
<testsuite skipped="0" hostname="DESKTOP-CRVRT3K" name="testCases.TC04_logOut" tests="1" failures="0" timestamp="04 May 2022 14:00:13 GMT" time="4.632" errors="0">
  <testcase name="logOut" time="4.632" classname="testCases.TC04_logOut"/>
</testsuite> <!-- testCases.TC04_logOut -->
